<?xml version="1.0" encoding="UTF-8"?>
<!-- Generated by org.testng.reporters.JUnitXMLReporter -->
<testsuite ignored="0" hostname="DESKTOP-ENVM8MB" failures="0" tests="2" name="Error Validation Test" time="23.976" errors="0" timestamp="2026-01-14T21:14:32 IST">
  <testcase classname="rahulshettyacademy.tests.ErrorValidationTest" name="LoginErrorValidations" time="0.69"/>
  <testcase classname="rahulshettyacademy.tests.ErrorValidationTest" name="productErrorValidations" time="12.913"/>
</testsuite> <!-- Error Validation Test -->
