<?xml version="1.0" encoding="UTF-8"?>
<!-- Generated by org.testng.reporters.JUnitXMLReporter -->
<testsuite ignored="0" hostname="DESKTOP-ENVM8MB" failures="0" tests="3" name="Test" time="32.258" errors="0" timestamp="2026-01-06T00:26:33 IST">
  <testcase classname="rahulshettyacademy.tests.ErrorValidationTest" name="LoginErrorValidations" time="0.897"/>
  <testcase classname="rahulshettyacademy.tests.ErrorValidationTest" name="productErrorValidations" time="2.759"/>
  <testcase classname="rahulshettyacademy.tests.SubmitOrderTest" name="submitOrder" time="14.705"/>
</testsuite> <!-- Test -->
