<?xml version="1.0" encoding="UTF-8"?>
<!-- Generated by org.testng.reporters.JUnitReportReporter -->
<testsuite hostname="DESKTOP-ENVM8MB" failures="0" tests="2" name="rahulshettyacademy.tests.ErrorValidationTest" time="23.841" errors="0" timestamp="2026-01-14T21:15:23 IST" skipped="0">
  <testcase classname="rahulshettyacademy.tests.ErrorValidationTest" name="LoginErrorValidations" time="7.478"/>
  <testcase classname="rahulshettyacademy.tests.ErrorValidationTest" name="productErrorValidations" time="16.363"/>
</testsuite> <!-- rahulshettyacademy.tests.ErrorValidationTest -->
